c:\users\jaakko\source\repos\ge080718\ge080718\debug\vc141.pdb
c:\users\jaakko\source\repos\ge080718\ge080718\debug\vc141.idb
c:\users\jaakko\source\repos\ge080718\ge080718\debug\application.obj
c:\users\jaakko\source\repos\ge080718\ge080718\debug\main.obj
c:\users\jaakko\source\repos\ge080718\ge080718\debug\surface.obj
c:\users\jaakko\source\repos\ge080718\ge080718\debug\window.obj
c:\users\jaakko\source\repos\ge080718\ge080718\debug\uicomponent.obj
c:\users\jaakko\source\repos\ge080718\ge080718\debug\game.obj
c:\users\jaakko\source\repos\ge080718\ge080718\debug\state.obj
c:\users\jaakko\source\repos\ge080718\ge080718\debug\gameview.obj
c:\users\jaakko\source\repos\ge080718\ge080718\debug\frame.obj
c:\users\jaakko\source\repos\ge080718\ge080718\debug\imagecomponent.obj
c:\users\jaakko\source\repos\ge080718\ge080718\debug\map.obj
c:\users\jaakko\source\repos\ge080718\ge080718\debug\tile.obj
c:\users\jaakko\source\repos\ge080718\ge080718\debug\log.obj
c:\users\jaakko\source\repos\ge080718\ge080718\debug\actor.obj
c:\users\jaakko\source\repos\ge080718\ge080718\debug\entity.obj
c:\users\jaakko\source\repos\ge080718\ge080718\debug\input.obj
c:\users\jaakko\source\repos\ge080718\ge080718\debug\player.obj
c:\users\jaakko\source\repos\ge080718\ge080718\debug\vec2.obj
c:\users\jaakko\source\repos\ge080718\ge080718\debug\testdata.obj
c:\users\jaakko\source\repos\ge080718\ge080718\debug\worldobject.obj
c:\users\jaakko\source\repos\ge080718\ge080718\debug\camera.obj
c:\users\jaakko\source\repos\ge080718\ge080718\debug\util.obj
c:\users\jaakko\source\repos\ge080718\ge080718\debug\surfacepool.obj
c:\users\jaakko\source\repos\ge080718\ge080718\debug\light.obj
c:\users\jaakko\source\repos\ge080718\ge080718\debug\gamedata.obj
c:\users\jaakko\source\repos\ge080718\ge080718\debug\graphics.obj
c:\users\jaakko\source\repos\ge080718\ge080718\debug\box.obj
c:\users\jaakko\source\repos\ge080718\ge080718\debug\physics.obj
c:\users\jaakko\source\repos\ge080718\ge080718\debug\material.obj
c:\users\jaakko\source\repos\ge080718\ge080718\debug\renderer.obj
c:\users\jaakko\source\repos\ge080718\debug\ge080718.exe
c:\users\jaakko\source\repos\ge080718\debug\ge080718.ilk
c:\users\jaakko\source\repos\ge080718\debug\ge080718.pdb
c:\users\jaakko\source\repos\ge080718\ge080718\debug\gameview.obj.enc
c:\users\jaakko\source\repos\ge080718\ge080718\debug\light.obj.enc
c:\users\jaakko\source\repos\ge080718\ge080718\debug\ge080718.tlog\cl.command.1.tlog
c:\users\jaakko\source\repos\ge080718\ge080718\debug\ge080718.tlog\cl.read.1.tlog
c:\users\jaakko\source\repos\ge080718\ge080718\debug\ge080718.tlog\cl.write.1.tlog
c:\users\jaakko\source\repos\ge080718\ge080718\debug\ge080718.tlog\link.command.1.tlog
c:\users\jaakko\source\repos\ge080718\ge080718\debug\ge080718.tlog\link.read.1.tlog
c:\users\jaakko\source\repos\ge080718\ge080718\debug\ge080718.tlog\link.write.1.tlog
